<?xml version="1.0" encoding="UTF-8" ?>
<testsuite failures="0" time="0.009" errors="0" skipped="0" tests="1" name="com.gateway.impl.GatewayImplUnsubscribeTest">
  <properties>
    <property name="java.runtime.name" value="Java(TM) SE Runtime Environment"/>
    <property name="sun.boot.library.path" value="C:\Java\jdk1.7.0_51\jre\bin"/>
    <property name="java.vm.version" value="24.51-b03"/>
    <property name="java.vm.vendor" value="Oracle Corporation"/>
    <property name="java.vendor.url" value="http://java.oracle.com/"/>
    <property name="path.separator" value=";"/>
    <property name="java.vm.name" value="Java HotSpot(TM) 64-Bit Server VM"/>
    <property name="file.encoding.pkg" value="sun.io"/>
    <property name="user.script" value=""/>
    <property name="user.country" value="FR"/>
    <property name="sun.java.launcher" value="SUN_STANDARD"/>
    <property name="sun.os.patch.level" value=""/>
    <property name="java.vm.specification.name" value="Java Virtual Machine Specification"/>
    <property name="user.dir" value="C:\Users\cedcori_2\workspaceTraining\ResourceScheduler"/>
    <property name="java.runtime.version" value="1.7.0_51-b13"/>
    <property name="java.awt.graphicsenv" value="sun.awt.Win32GraphicsEnvironment"/>
    <property name="basedir" value="C:\Users\cedcori_2\workspaceTraining\ResourceScheduler"/>
    <property name="java.endorsed.dirs" value="C:\Java\jdk1.7.0_51\jre\lib\endorsed"/>
    <property name="os.arch" value="amd64"/>
    <property name="surefire.real.class.path" value="C:\Users\cedcori_2\workspaceTraining\ResourceScheduler\target\surefire\surefirebooter1839959499190607948.jar"/>
    <property name="java.io.tmpdir" value="C:\Users\CEDCOR~1\AppData\Local\Temp\"/>
    <property name="line.separator" value="
"/>
    <property name="java.vm.specification.vendor" value="Oracle Corporation"/>
    <property name="user.variant" value=""/>
    <property name="os.name" value="Windows 8"/>
    <property name="sun.jnu.encoding" value="Cp1252"/>
    <property name="java.library.path" value="C:\Java\jdk1.7.0_51\jre\bin;C:\WINDOWS\Sun\Java\bin;C:\WINDOWS\system32;C:\WINDOWS;C:/Java/jdk1.7.0_51/bin/../jre/bin/server;C:/Java/jdk1.7.0_51/bin/../jre/bin;C:/Java/jdk1.7.0_51/bin/../jre/lib/amd64;C:\Program Files (x86)\Intel\iCLS Client\;C:\Program Files\Intel\iCLS Client\;C:\WINDOWS\system32;C:\WINDOWS;C:\WINDOWS\System32\Wbem;C:\WINDOWS\System32\WindowsPowerShell\v1.0\;C:\Program Files\Intel\Intel(R) Management Engine Components\DAL;C:\Program Files\Intel\Intel(R) Management Engine Components\IPT;C:\Program Files (x86)\Intel\Intel(R) Management Engine Components\DAL;C:\Program Files (x86)\Intel\Intel(R) Management Engine Components\IPT;C:\Program Files (x86)\Intel\OpenCL SDK\2.0\bin\x86;C:\Program Files (x86)\Intel\OpenCL SDK\2.0\bin\x64;C:\Java\jdk1.7.0_51\bin;C:\Program Files\TortoiseSVN\bin;C:\DEV\TOOLS\apache-maven\apache-maven-3.2.1\bin;C:\Program Files (x86)\MySQL\MySQL Utilities 1.3.6\;C:\Program Files (x86)\VisualSVN Server\bin;C:\Program Files (x86)\OpenVPN\bin;C:\DEV\TOOLS\mongodb\bin;C:\Program Files (x86)\OpenVPN\bin;C:\Users\cedcori\Downloads\eclipse-jee-kepler-SR1-win32-x86_64\eclipse;;."/>
    <property name="surefire.test.class.path" value="C:\Users\cedcori_2\workspaceTraining\ResourceScheduler\target\test-classes;C:\Users\cedcori_2\workspaceTraining\ResourceScheduler\target\classes;C:\Users\cedcori_2\.m2\repository\log4j\log4j\1.2.16\log4j-1.2.16.jar;C:\Users\cedcori_2\.m2\repository\junit\junit\4.7\junit-4.7.jar;"/>
    <property name="java.specification.name" value="Java Platform API Specification"/>
    <property name="java.class.version" value="51.0"/>
    <property name="sun.management.compiler" value="HotSpot 64-Bit Tiered Compilers"/>
    <property name="os.version" value="6.2"/>
    <property name="user.home" value="C:\Users\cedcori_2"/>
    <property name="user.timezone" value=""/>
    <property name="java.awt.printerjob" value="sun.awt.windows.WPrinterJob"/>
    <property name="java.specification.version" value="1.7"/>
    <property name="file.encoding" value="Cp1252"/>
    <property name="user.name" value="cedcori_2"/>
    <property name="java.class.path" value="C:\Users\cedcori_2\workspaceTraining\ResourceScheduler\target\test-classes;C:\Users\cedcori_2\workspaceTraining\ResourceScheduler\target\classes;C:\Users\cedcori_2\.m2\repository\log4j\log4j\1.2.16\log4j-1.2.16.jar;C:\Users\cedcori_2\.m2\repository\junit\junit\4.7\junit-4.7.jar;"/>
    <property name="java.vm.specification.version" value="1.7"/>
    <property name="sun.arch.data.model" value="64"/>
    <property name="java.home" value="C:\Java\jdk1.7.0_51\jre"/>
    <property name="sun.java.command" value="C:\Users\cedcori_2\workspaceTraining\ResourceScheduler\target\surefire\surefirebooter1839959499190607948.jar C:\Users\cedcori_2\workspaceTraining\ResourceScheduler\target\surefire\surefire1627969017427753803tmp C:\Users\cedcori_2\workspaceTraining\ResourceScheduler\target\surefire\surefire5735829166432412919tmp"/>
    <property name="java.specification.vendor" value="Oracle Corporation"/>
    <property name="user.language" value="fr"/>
    <property name="awt.toolkit" value="sun.awt.windows.WToolkit"/>
    <property name="java.vm.info" value="mixed mode"/>
    <property name="java.version" value="1.7.0_51"/>
    <property name="java.ext.dirs" value="C:\Java\jdk1.7.0_51\jre\lib\ext;C:\WINDOWS\Sun\Java\lib\ext"/>
    <property name="sun.boot.class.path" value="C:\Java\jdk1.7.0_51\jre\lib\resources.jar;C:\Java\jdk1.7.0_51\jre\lib\rt.jar;C:\Java\jdk1.7.0_51\jre\lib\sunrsasign.jar;C:\Java\jdk1.7.0_51\jre\lib\jsse.jar;C:\Java\jdk1.7.0_51\jre\lib\jce.jar;C:\Java\jdk1.7.0_51\jre\lib\charsets.jar;C:\Java\jdk1.7.0_51\jre\lib\jfr.jar;C:\Java\jdk1.7.0_51\jre\classes"/>
    <property name="java.vendor" value="Oracle Corporation"/>
    <property name="localRepository" value="C:\Users\cedcori_2\.m2\repository"/>
    <property name="file.separator" value="\"/>
    <property name="java.vendor.url.bug" value="http://bugreport.sun.com/bugreport/"/>
    <property name="sun.cpu.endian" value="little"/>
    <property name="sun.io.unicode.encoding" value="UnicodeLittle"/>
    <property name="sun.desktop" value="windows"/>
    <property name="sun.cpu.isalist" value="amd64"/>
  </properties>
  <testcase time="2.76" classname="com.gateway.impl.GatewayImplUnsubscribeTest" name="testUnSubscribe"/>
</testsuite>